<?xml version="1.0" encoding="UTF-8"?>
<testng-results ignored="0" total="1" passed="1" failed="0" skipped="0">
  <reporter-output>
  </reporter-output>
  <suite started-at="2026-05-27T22:56:18 IST" name="Suite" finished-at="2026-05-27T22:57:02 IST" duration-ms="43854">
    <groups>
    </groups>
    <test started-at="2026-05-27T22:56:18 IST" name="Test" finished-at="2026-05-27T22:57:02 IST" duration-ms="43854">
      <class name="TestingPack.ExecuteTestcases">
        <test-method is-config="true" signature="openBrow()[pri:0, instance:TestingPack.ExecuteTestcases@6193932a]" started-at="2026-05-27T22:56:18 IST" name="openBrow" finished-at="2026-05-27T22:56:21 IST" duration-ms="3569" status="PASS">
          <reporter-output>
          </reporter-output>
        </test-method> <!-- openBrow -->
        <test-method signature="MyTestcases()[pri:0, instance:TestingPack.ExecuteTestcases@6193932a]" started-at="2026-05-27T22:56:21 IST" name="MyTestcases" finished-at="2026-05-27T22:57:02 IST" duration-ms="40177" status="PASS">
          <reporter-output>
          </reporter-output>
        </test-method> <!-- MyTestcases -->
      </class> <!-- TestingPack.ExecuteTestcases -->
    </test> <!-- Test -->
  </suite> <!-- Suite -->
</testng-results>
