<?xml version="1.0" encoding="UTF-8"?>
<testng-results ignored="0" total="1" passed="1" failed="0" skipped="0">
  <reporter-output>
  </reporter-output>
  <suite started-at="2026-05-26T19:17:33 IST" name="Suite" finished-at="2026-05-26T19:18:45 IST" duration-ms="71980">
    <groups>
    </groups>
    <test started-at="2026-05-26T19:17:33 IST" name="Test" finished-at="2026-05-26T19:18:45 IST" duration-ms="71980">
      <class name="TestingPack.ExecuteTestcases">
        <test-method is-config="true" signature="openBrow()[pri:0, instance:TestingPack.ExecuteTestcases@6193932a]" started-at="2026-05-26T19:17:33 IST" name="openBrow" finished-at="2026-05-26T19:17:35 IST" duration-ms="1781" status="PASS">
          <reporter-output>
          </reporter-output>
        </test-method> <!-- openBrow -->
        <test-method signature="MyTestcases()[pri:0, instance:TestingPack.ExecuteTestcases@6193932a]" started-at="2026-05-26T19:17:35 IST" name="MyTestcases" finished-at="2026-05-26T19:18:45 IST" duration-ms="70150" status="PASS">
          <reporter-output>
          </reporter-output>
        </test-method> <!-- MyTestcases -->
      </class> <!-- TestingPack.ExecuteTestcases -->
    </test> <!-- Test -->
  </suite> <!-- Suite -->
</testng-results>
