<?xml version="1.0" encoding="UTF-8"?>
<testng-results ignored="0" total="1" passed="1" failed="0" skipped="0">
  <reporter-output>
  </reporter-output>
  <suite started-at="2026-05-28T16:19:06 IST" name="Default suite" finished-at="2026-05-28T16:19:46 IST" duration-ms="39112">
    <groups>
    </groups>
    <test started-at="2026-05-28T16:19:06 IST" name="Default test" finished-at="2026-05-28T16:19:46 IST" duration-ms="39112">
      <class name="TestingPack.ExecuteTestcases">
        <test-method is-config="true" signature="openBrow()[pri:0, instance:TestingPack.ExecuteTestcases@1165b38]" started-at="2026-05-28T16:19:06 IST" name="openBrow" finished-at="2026-05-28T16:19:09 IST" duration-ms="2619" status="PASS">
          <reporter-output>
          </reporter-output>
        </test-method> <!-- openBrow -->
        <test-method signature="MyTestcases()[pri:0, instance:TestingPack.ExecuteTestcases@1165b38]" started-at="2026-05-28T16:19:09 IST" name="MyTestcases" finished-at="2026-05-28T16:19:46 IST" duration-ms="36413" status="PASS">
          <reporter-output>
          </reporter-output>
        </test-method> <!-- MyTestcases -->
      </class> <!-- TestingPack.ExecuteTestcases -->
    </test> <!-- Default test -->
  </suite> <!-- Default suite -->
</testng-results>
