<?xml version="1.0" encoding="UTF-8"?>
<testng-results ignored="0" total="1" passed="1" failed="0" skipped="0">
  <reporter-output>
  </reporter-output>
  <suite started-at="2026-05-27T17:13:48 IST" name="Default suite" finished-at="2026-05-27T17:15:35 IST" duration-ms="106556">
    <groups>
    </groups>
    <test started-at="2026-05-27T17:13:48 IST" name="Default test" finished-at="2026-05-27T17:15:35 IST" duration-ms="106556">
      <class name="TestingPack.ExecuteTestcases">
        <test-method is-config="true" signature="openBrow()[pri:0, instance:TestingPack.ExecuteTestcases@1165b38]" started-at="2026-05-27T17:13:48 IST" name="openBrow" finished-at="2026-05-27T17:13:51 IST" duration-ms="3180" status="PASS">
          <reporter-output>
          </reporter-output>
        </test-method> <!-- openBrow -->
        <test-method signature="MyTestcases()[pri:0, instance:TestingPack.ExecuteTestcases@1165b38]" started-at="2026-05-27T17:13:51 IST" name="MyTestcases" finished-at="2026-05-27T17:15:35 IST" duration-ms="103250" status="PASS">
          <reporter-output>
          </reporter-output>
        </test-method> <!-- MyTestcases -->
      </class> <!-- TestingPack.ExecuteTestcases -->
    </test> <!-- Default test -->
  </suite> <!-- Default suite -->
</testng-results>
